<?xml version="1.0" encoding="UTF-8"?>
<testng-results skipped="0" failed="0" ignored="0" total="2" passed="2">
  <reporter-output>
  </reporter-output>
  <suite name="OpenCart Test Suite" duration-ms="54169" started-at="2021-03-24T14:19:13 EDT" finished-at="2021-03-24T14:20:07 EDT">
    <groups>
      <group name="regression">
        <method signature="TC_001_RegistrationPage.test_account_Registration()[pri:0, instance:testCases.TC_001_RegistrationPage@5c072e3f]" name="test_account_Registration" class="testCases.TC_001_RegistrationPage"/>
      </group> <!-- regression -->
      <group name="sanity">
        <method signature="TC_002_LoginTest.test_login_Page()[pri:0, instance:testCases.TC_002_LoginTest@4d1b0d2a]" name="test_login_Page" class="testCases.TC_002_LoginTest"/>
      </group> <!-- sanity -->
      <group name="master">
        <method signature="TC_001_RegistrationPage.test_account_Registration()[pri:0, instance:testCases.TC_001_RegistrationPage@5c072e3f]" name="test_account_Registration" class="testCases.TC_001_RegistrationPage"/>
        <method signature="TC_002_LoginTest.test_login_Page()[pri:0, instance:testCases.TC_002_LoginTest@4d1b0d2a]" name="test_login_Page" class="testCases.TC_002_LoginTest"/>
      </group> <!-- master -->
    </groups>
    <test name="OpenCart Tests" duration-ms="54169" started-at="2021-03-24T14:19:13 EDT" finished-at="2021-03-24T14:20:07 EDT">
      <class name="testCases.TC_001_RegistrationPage">
        <test-method status="PASS" signature="setup(java.lang.String)[pri:0, instance:testCases.TC_001_RegistrationPage@5c072e3f]" name="setup" is-config="true" duration-ms="22656" started-at="2021-03-24T14:19:14 EDT" finished-at="2021-03-24T14:19:36 EDT">
          <params>
            <param index="0">
              <value>
                <![CDATA[chrome]]>
              </value>
            </param>
          </params>
          <reporter-output>
          </reporter-output>
        </test-method> <!-- setup -->
        <test-method status="PASS" signature="test_account_Registration()[pri:0, instance:testCases.TC_001_RegistrationPage@5c072e3f]" name="test_account_Registration" duration-ms="13175" started-at="2021-03-24T14:19:36 EDT" finished-at="2021-03-24T14:19:49 EDT">
          <reporter-output>
          </reporter-output>
        </test-method> <!-- test_account_Registration -->
        <test-method status="PASS" signature="tearDown()[pri:0, instance:testCases.TC_001_RegistrationPage@5c072e3f]" name="tearDown" is-config="true" duration-ms="297" started-at="2021-03-24T14:19:50 EDT" finished-at="2021-03-24T14:19:50 EDT">
          <reporter-output>
          </reporter-output>
        </test-method> <!-- tearDown -->
      </class> <!-- testCases.TC_001_RegistrationPage -->
      <class name="testCases.TC_002_LoginTest">
        <test-method status="PASS" signature="setup(java.lang.String)[pri:0, instance:testCases.TC_002_LoginTest@4d1b0d2a]" name="setup" is-config="true" duration-ms="5234" started-at="2021-03-24T14:19:50 EDT" finished-at="2021-03-24T14:19:55 EDT">
          <params>
            <param index="0">
              <value>
                <![CDATA[chrome]]>
              </value>
            </param>
          </params>
          <reporter-output>
          </reporter-output>
        </test-method> <!-- setup -->
        <test-method status="PASS" signature="test_login_Page()[pri:0, instance:testCases.TC_002_LoginTest@4d1b0d2a]" name="test_login_Page" duration-ms="11904" started-at="2021-03-24T14:19:55 EDT" finished-at="2021-03-24T14:20:07 EDT">
          <reporter-output>
          </reporter-output>
        </test-method> <!-- test_login_Page -->
        <test-method status="PASS" signature="tearDown()[pri:0, instance:testCases.TC_002_LoginTest@4d1b0d2a]" name="tearDown" is-config="true" duration-ms="102" started-at="2021-03-24T14:20:07 EDT" finished-at="2021-03-24T14:20:07 EDT">
          <reporter-output>
          </reporter-output>
        </test-method> <!-- tearDown -->
      </class> <!-- testCases.TC_002_LoginTest -->
    </test> <!-- OpenCart Tests -->
  </suite> <!-- OpenCart Test Suite -->
</testng-results>
